{"/home/commonuser/Projects/rs-school/NODEJS2021Q4/validity.js": {"path":"/home/commonuser/Projects/rs-school/NODEJS2021Q4/validity.js","statementMap":{"0":{"start":{"line":1,"column":11},"end":{"line":1,"column":24}},"1":{"start":{"line":2,"column":13},"end":{"line":2,"column":28}},"2":{"start":{"line":5,"column":21},"end":{"line":20,"column":1}},"3":{"start":{"line":6,"column":19},"end":{"line":6,"column":45}},"4":{"start":{"line":7,"column":23},"end":{"line":7,"column":53}},"5":{"start":{"line":8,"column":1},"end":{"line":11,"column":2}},"6":{"start":{"line":9,"column":2},"end":{"line":9,"column":104}},"7":{"start":{"line":10,"column":2},"end":{"line":10,"column":18}},"8":{"start":{"line":12,"column":1},"end":{"line":15,"column":2}},"9":{"start":{"line":13,"column":2},"end":{"line":13,"column":93}},"10":{"start":{"line":14,"column":2},"end":{"line":14,"column":18}},"11":{"start":{"line":16,"column":1},"end":{"line":19,"column":2}},"12":{"start":{"line":17,"column":2},"end":{"line":17,"column":97}},"13":{"start":{"line":18,"column":2},"end":{"line":18,"column":18}},"14":{"start":{"line":22,"column":17},"end":{"line":78,"column":1}},"15":{"start":{"line":23,"column":1},"end":{"line":27,"column":2}},"16":{"start":{"line":24,"column":2},"end":{"line":24,"column":88}},"17":{"start":{"line":25,"column":2},"end":{"line":25,"column":18}},"18":{"start":{"line":26,"column":2},"end":{"line":26,"column":9}},"19":{"start":{"line":28,"column":1},"end":{"line":35,"column":2}},"20":{"start":{"line":29,"column":19},"end":{"line":29,"column":60}},"21":{"start":{"line":30,"column":2},"end":{"line":34,"column":3}},"22":{"start":{"line":31,"column":2},"end":{"line":31,"column":104}},"23":{"start":{"line":32,"column":2},"end":{"line":32,"column":18}},"24":{"start":{"line":33,"column":2},"end":{"line":33,"column":9}},"25":{"start":{"line":36,"column":1},"end":{"line":43,"column":2}},"26":{"start":{"line":37,"column":19},"end":{"line":37,"column":61}},"27":{"start":{"line":38,"column":2},"end":{"line":42,"column":3}},"28":{"start":{"line":39,"column":2},"end":{"line":39,"column":106}},"29":{"start":{"line":40,"column":2},"end":{"line":40,"column":18}},"30":{"start":{"line":41,"column":2},"end":{"line":41,"column":9}},"31":{"start":{"line":44,"column":1},"end":{"line":44,"column":32}},"32":{"start":{"line":45,"column":1},"end":{"line":45,"column":31}},"33":{"start":{"line":46,"column":4},"end":{"line":46,"column":35}},"34":{"start":{"line":48,"column":21},"end":{"line":48,"column":38}},"35":{"start":{"line":49,"column":21},"end":{"line":49,"column":47}},"36":{"start":{"line":50,"column":20},"end":{"line":50,"column":45}},"37":{"start":{"line":51,"column":1},"end":{"line":55,"column":2}},"38":{"start":{"line":52,"column":2},"end":{"line":52,"column":74}},"39":{"start":{"line":53,"column":2},"end":{"line":53,"column":18}},"40":{"start":{"line":54,"column":2},"end":{"line":54,"column":9}},"41":{"start":{"line":56,"column":1},"end":{"line":60,"column":2}},"42":{"start":{"line":57,"column":2},"end":{"line":57,"column":74}},"43":{"start":{"line":58,"column":2},"end":{"line":58,"column":18}},"44":{"start":{"line":59,"column":2},"end":{"line":59,"column":9}},"45":{"start":{"line":61,"column":16},"end":{"line":61,"column":40}},"46":{"start":{"line":62,"column":16},"end":{"line":62,"column":33}},"47":{"start":{"line":63,"column":1},"end":{"line":76,"column":3}},"48":{"start":{"line":64,"column":2},"end":{"line":68,"column":3}},"49":{"start":{"line":65,"column":3},"end":{"line":65,"column":75}},"50":{"start":{"line":66,"column":3},"end":{"line":66,"column":19}},"51":{"start":{"line":67,"column":3},"end":{"line":67,"column":10}},"52":{"start":{"line":69,"column":2},"end":{"line":75,"column":3}},"53":{"start":{"line":70,"column":3},"end":{"line":74,"column":4}},"54":{"start":{"line":71,"column":4},"end":{"line":71,"column":76}},"55":{"start":{"line":72,"column":4},"end":{"line":72,"column":20}},"56":{"start":{"line":73,"column":4},"end":{"line":73,"column":11}},"57":{"start":{"line":77,"column":1},"end":{"line":77,"column":13}},"58":{"start":{"line":79,"column":1},"end":{"line":79,"column":69}}},"fnMap":{"0":{"name":"(anonymous_0)","decl":{"start":{"line":5,"column":21},"end":{"line":5,"column":22}},"loc":{"start":{"line":5,"column":41},"end":{"line":20,"column":1}},"line":5},"1":{"name":"(anonymous_1)","decl":{"start":{"line":22,"column":17},"end":{"line":22,"column":18}},"loc":{"start":{"line":22,"column":52},"end":{"line":78,"column":1}},"line":22},"2":{"name":"(anonymous_2)","decl":{"start":{"line":63,"column":21},"end":{"line":63,"column":22}},"loc":{"start":{"line":63,"column":29},"end":{"line":76,"column":2}},"line":63}},"branchMap":{"0":{"loc":{"start":{"line":8,"column":1},"end":{"line":11,"column":2}},"type":"if","locations":[{"start":{"line":8,"column":1},"end":{"line":11,"column":2}},{"start":{},"end":{}}],"line":8},"1":{"loc":{"start":{"line":8,"column":5},"end":{"line":8,"column":39}},"type":"binary-expr","locations":[{"start":{"line":8,"column":5},"end":{"line":8,"column":18}},{"start":{"line":8,"column":22},"end":{"line":8,"column":39}}],"line":8},"2":{"loc":{"start":{"line":12,"column":1},"end":{"line":15,"column":2}},"type":"if","locations":[{"start":{"line":12,"column":1},"end":{"line":15,"column":2}},{"start":{},"end":{}}],"line":12},"3":{"loc":{"start":{"line":16,"column":1},"end":{"line":19,"column":2}},"type":"if","locations":[{"start":{"line":16,"column":1},"end":{"line":19,"column":2}},{"start":{},"end":{}}],"line":16},"4":{"loc":{"start":{"line":23,"column":1},"end":{"line":27,"column":2}},"type":"if","locations":[{"start":{"line":23,"column":1},"end":{"line":27,"column":2}},{"start":{},"end":{}}],"line":23},"5":{"loc":{"start":{"line":28,"column":1},"end":{"line":35,"column":2}},"type":"if","locations":[{"start":{"line":28,"column":1},"end":{"line":35,"column":2}},{"start":{},"end":{}}],"line":28},"6":{"loc":{"start":{"line":30,"column":2},"end":{"line":34,"column":3}},"type":"if","locations":[{"start":{"line":30,"column":2},"end":{"line":34,"column":3}},{"start":{},"end":{}}],"line":30},"7":{"loc":{"start":{"line":36,"column":1},"end":{"line":43,"column":2}},"type":"if","locations":[{"start":{"line":36,"column":1},"end":{"line":43,"column":2}},{"start":{},"end":{}}],"line":36},"8":{"loc":{"start":{"line":38,"column":2},"end":{"line":42,"column":3}},"type":"if","locations":[{"start":{"line":38,"column":2},"end":{"line":42,"column":3}},{"start":{},"end":{}}],"line":38},"9":{"loc":{"start":{"line":51,"column":1},"end":{"line":55,"column":2}},"type":"if","locations":[{"start":{"line":51,"column":1},"end":{"line":55,"column":2}},{"start":{},"end":{}}],"line":51},"10":{"loc":{"start":{"line":56,"column":1},"end":{"line":60,"column":2}},"type":"if","locations":[{"start":{"line":56,"column":1},"end":{"line":60,"column":2}},{"start":{},"end":{}}],"line":56},"11":{"loc":{"start":{"line":64,"column":2},"end":{"line":68,"column":3}},"type":"if","locations":[{"start":{"line":64,"column":2},"end":{"line":68,"column":3}},{"start":{},"end":{}}],"line":64},"12":{"loc":{"start":{"line":69,"column":2},"end":{"line":75,"column":3}},"type":"if","locations":[{"start":{"line":69,"column":2},"end":{"line":75,"column":3}},{"start":{},"end":{}}],"line":69},"13":{"loc":{"start":{"line":70,"column":3},"end":{"line":74,"column":4}},"type":"if","locations":[{"start":{"line":70,"column":3},"end":{"line":74,"column":4}},{"start":{},"end":{}}],"line":70}},"s":{"0":1,"1":1,"2":1,"3":36,"4":36,"5":36,"6":2,"7":2,"8":36,"9":2,"10":2,"11":36,"12":3,"13":3,"14":1,"15":14,"16":1,"17":1,"18":1,"19":13,"20":2,"21":2,"22":1,"23":1,"24":1,"25":12,"26":1,"27":1,"28":1,"29":1,"30":1,"31":11,"32":11,"33":11,"34":11,"35":11,"36":11,"37":11,"38":1,"39":1,"40":1,"41":10,"42":2,"43":2,"44":2,"45":8,"46":8,"47":8,"48":44,"49":0,"50":0,"51":0,"52":44,"53":15,"54":4,"55":4,"56":4,"57":8,"58":1},"f":{"0":36,"1":14,"2":44},"b":{"0":[2,34],"1":[36,2],"2":[2,34],"3":[3,33],"4":[1,13],"5":[2,11],"6":[1,1],"7":[1,11],"8":[1,0],"9":[1,10],"10":[2,8],"11":[0,44],"12":[15,29],"13":[4,11]},"_coverageSchema":"1a1c01bbd47fc00a2c39e90264f33305004495a9","hash":"9cb139cacc5fe356c3e06d817371de2a4d4346de"}
,"/home/commonuser/Projects/rs-school/NODEJS2021Q4/streams/readable.js": {"path":"/home/commonuser/Projects/rs-school/NODEJS2021Q4/streams/readable.js","statementMap":{"0":{"start":{"line":1,"column":11},"end":{"line":1,"column":24}},"1":{"start":{"line":2,"column":21},"end":{"line":2,"column":38}},"2":{"start":{"line":6,"column":8},"end":{"line":6,"column":23}},"3":{"start":{"line":7,"column":8},"end":{"line":7,"column":33}},"4":{"start":{"line":8,"column":8},"end":{"line":8,"column":35}},"5":{"start":{"line":12,"column":6},"end":{"line":19,"column":9}},"6":{"start":{"line":13,"column":8},"end":{"line":18,"column":9}},"7":{"start":{"line":14,"column":10},"end":{"line":14,"column":24}},"8":{"start":{"line":16,"column":10},"end":{"line":16,"column":35}},"9":{"start":{"line":17,"column":10},"end":{"line":17,"column":21}},"10":{"start":{"line":23,"column":18},"end":{"line":23,"column":36}},"11":{"start":{"line":24,"column":6},"end":{"line":30,"column":9}},"12":{"start":{"line":25,"column":8},"end":{"line":29,"column":9}},"13":{"start":{"line":26,"column":10},"end":{"line":26,"column":28}},"14":{"start":{"line":28,"column":10},"end":{"line":28,"column":68}},"15":{"start":{"line":34,"column":6},"end":{"line":38,"column":7}},"16":{"start":{"line":35,"column":8},"end":{"line":35,"column":67}},"17":{"start":{"line":35,"column":46},"end":{"line":35,"column":65}},"18":{"start":{"line":37,"column":8},"end":{"line":37,"column":22}},"19":{"start":{"line":42,"column":2},"end":{"line":42,"column":34}}},"fnMap":{"0":{"name":"(anonymous_0)","decl":{"start":{"line":5,"column":4},"end":{"line":5,"column":5}},"loc":{"start":{"line":5,"column":35},"end":{"line":9,"column":5}},"line":5},"1":{"name":"(anonymous_1)","decl":{"start":{"line":11,"column":4},"end":{"line":11,"column":5}},"loc":{"start":{"line":11,"column":25},"end":{"line":20,"column":5}},"line":11},"2":{"name":"(anonymous_2)","decl":{"start":{"line":12,"column":29},"end":{"line":12,"column":30}},"loc":{"start":{"line":12,"column":42},"end":{"line":19,"column":7}},"line":12},"3":{"name":"(anonymous_3)","decl":{"start":{"line":22,"column":4},"end":{"line":22,"column":5}},"loc":{"start":{"line":22,"column":16},"end":{"line":31,"column":5}},"line":22},"4":{"name":"(anonymous_4)","decl":{"start":{"line":24,"column":55},"end":{"line":24,"column":56}},"loc":{"start":{"line":24,"column":75},"end":{"line":30,"column":7}},"line":24},"5":{"name":"(anonymous_5)","decl":{"start":{"line":33,"column":4},"end":{"line":33,"column":5}},"loc":{"start":{"line":33,"column":28},"end":{"line":39,"column":5}},"line":33},"6":{"name":"(anonymous_6)","decl":{"start":{"line":35,"column":38},"end":{"line":35,"column":39}},"loc":{"start":{"line":35,"column":46},"end":{"line":35,"column":65}},"line":35}},"branchMap":{"0":{"loc":{"start":{"line":13,"column":8},"end":{"line":18,"column":9}},"type":"if","locations":[{"start":{"line":13,"column":8},"end":{"line":18,"column":9}},{"start":{"line":15,"column":15},"end":{"line":18,"column":9}}],"line":13},"1":{"loc":{"start":{"line":25,"column":8},"end":{"line":29,"column":9}},"type":"if","locations":[{"start":{"line":25,"column":8},"end":{"line":29,"column":9}},{"start":{"line":27,"column":15},"end":{"line":29,"column":9}}],"line":25},"2":{"loc":{"start":{"line":28,"column":20},"end":{"line":28,"column":66}},"type":"cond-expr","locations":[{"start":{"line":28,"column":36},"end":{"line":28,"column":59}},{"start":{"line":28,"column":62},"end":{"line":28,"column":66}}],"line":28},"3":{"loc":{"start":{"line":34,"column":6},"end":{"line":38,"column":7}},"type":"if","locations":[{"start":{"line":34,"column":6},"end":{"line":38,"column":7}},{"start":{"line":36,"column":13},"end":{"line":38,"column":7}}],"line":34},"4":{"loc":{"start":{"line":35,"column":55},"end":{"line":35,"column":64}},"type":"binary-expr","locations":[{"start":{"line":35,"column":55},"end":{"line":35,"column":57}},{"start":{"line":35,"column":61},"end":{"line":35,"column":64}}],"line":35}},"s":{"0":1,"1":1,"2":1,"3":1,"4":1,"5":0,"6":0,"7":0,"8":0,"9":0,"10":0,"11":0,"12":0,"13":0,"14":0,"15":0,"16":0,"17":0,"18":0,"19":1},"f":{"0":1,"1":0,"2":0,"3":0,"4":0,"5":0,"6":0},"b":{"0":[0,0],"1":[0,0],"2":[0,0],"3":[0,0],"4":[0,0]},"_coverageSchema":"1a1c01bbd47fc00a2c39e90264f33305004495a9","hash":"4c7705e13780b03f9d1113fe07f52c8f5d0b5ed5"}
}
