TN:
SF:validity.js
FN:5,(anonymous_0)
FN:22,(anonymous_1)
FN:63,(anonymous_2)
FNF:3
FNH:3
FNDA:36,(anonymous_0)
FNDA:14,(anonymous_1)
FNDA:44,(anonymous_2)
DA:1,1
DA:2,1
DA:5,1
DA:6,36
DA:7,36
DA:8,36
DA:9,2
DA:10,2
DA:12,36
DA:13,2
DA:14,2
DA:16,36
DA:17,3
DA:18,3
DA:22,1
DA:23,14
DA:24,1
DA:25,1
DA:26,1
DA:28,13
DA:29,2
DA:30,2
DA:31,1
DA:32,1
DA:33,1
DA:36,12
DA:37,1
DA:38,1
DA:39,1
DA:40,1
DA:41,1
DA:44,11
DA:45,11
DA:46,11
DA:48,11
DA:49,11
DA:50,11
DA:51,11
DA:52,1
DA:53,1
DA:54,1
DA:56,10
DA:57,2
DA:58,2
DA:59,2
DA:61,8
DA:62,8
DA:63,8
DA:64,44
DA:65,0
DA:66,0
DA:67,0
DA:69,44
DA:70,15
DA:71,4
DA:72,4
DA:73,4
DA:77,8
DA:79,1
LF:59
LH:56
BRDA:8,0,0,2
BRDA:8,0,1,34
BRDA:8,1,0,36
BRDA:8,1,1,2
BRDA:12,2,0,2
BRDA:12,2,1,34
BRDA:16,3,0,3
BRDA:16,3,1,33
BRDA:23,4,0,1
BRDA:23,4,1,13
BRDA:28,5,0,2
BRDA:28,5,1,11
BRDA:30,6,0,1
BRDA:30,6,1,1
BRDA:36,7,0,1
BRDA:36,7,1,11
BRDA:38,8,0,1
BRDA:38,8,1,0
BRDA:51,9,0,1
BRDA:51,9,1,10
BRDA:56,10,0,2
BRDA:56,10,1,8
BRDA:64,11,0,0
BRDA:64,11,1,44
BRDA:69,12,0,15
BRDA:69,12,1,29
BRDA:70,13,0,4
BRDA:70,13,1,11
BRF:28
BRH:26
end_of_record
TN:
SF:streams/readable.js
FN:5,(anonymous_0)
FN:11,(anonymous_1)
FN:12,(anonymous_2)
FN:22,(anonymous_3)
FN:24,(anonymous_4)
FN:33,(anonymous_5)
FN:35,(anonymous_6)
FNF:7
FNH:1
FNDA:1,(anonymous_0)
FNDA:0,(anonymous_1)
FNDA:0,(anonymous_2)
FNDA:0,(anonymous_3)
FNDA:0,(anonymous_4)
FNDA:0,(anonymous_5)
FNDA:0,(anonymous_6)
DA:1,1
DA:2,1
DA:6,1
DA:7,1
DA:8,1
DA:12,0
DA:13,0
DA:14,0
DA:16,0
DA:17,0
DA:23,0
DA:24,0
DA:25,0
DA:26,0
DA:28,0
DA:34,0
DA:35,0
DA:37,0
DA:42,1
LF:19
LH:6
BRDA:13,0,0,0
BRDA:13,0,1,0
BRDA:25,1,0,0
BRDA:25,1,1,0
BRDA:28,2,0,0
BRDA:28,2,1,0
BRDA:34,3,0,0
BRDA:34,3,1,0
BRDA:35,4,0,0
BRDA:35,4,1,0
BRF:10
BRH:0
end_of_record
